2026-04-23 21:34:14,574 - INFO -  
===== general parameters =====
SEED: 42
DEVICE: cuda

BATCH_SIZE: 16
input_img_shape: (3, 224, 224)
split_level: video_id

===== train parameters =====

LR: 1e-05


CV_N: 5
EPOCHS: 10
STEP_BATCH_LOG: 50

===== about model and save =====
base_dir_for_model_save: ..\models_checkpoints

model_name: resnet_18_backbone_cv
prefix_train: full_tuning_video

===== comments =====
LCA
cross-validation
split patient level
SGDM optimizer
use augmentation
use ImageNet stats for (mean, std) normalization 

2026-04-23 21:34:24,145 - INFO - Fold 1
2026-04-23 21:34:24,160 - INFO - 
    ======= about folds =======
    ((5601, 8), (1679, 8))
    set()
    label
0    2619
1    2982
Name: image_path, dtype: int64     
    label
0    1021
1     658
Name: image_path, dtype: int64
    
2026-04-23 21:34:26,148 - INFO - 
    Всего параметров: 11,177,538
    Обучаемых:       11,177,538
    
2026-04-23 21:34:31,696 - INFO - epoch 1 | batch 50 | train_loss: 0.03564993
2026-04-23 21:34:35,848 - INFO - epoch 1 | batch 100 | train_loss: 0.03272169
2026-04-23 21:34:40,244 - INFO - epoch 1 | batch 150 | train_loss: 0.03054970
2026-04-23 21:34:44,374 - INFO - epoch 1 | batch 200 | train_loss: 0.02844602
2026-04-23 21:34:48,449 - INFO - epoch 1 | batch 250 | train_loss: 0.02686501
2026-04-23 21:34:52,514 - INFO - epoch 1 | batch 300 | train_loss: 0.02555231
2026-04-23 21:34:56,554 - INFO - epoch 1 | batch 350 | train_loss: 0.02418441
2026-04-23 21:35:09,934 - INFO - ================= epoch end =================
2026-04-23 21:35:09,935 - INFO - epoch 1 | train_loss: 0.38742890 | valid_loss: 0.78960005 | valid balanc. acc.: 0.59556606
2026-04-23 21:35:09,935 - INFO - metrics:
{'accuracy': 0.5580702799285289, 'balanced_accuracy': 0.5955660610462953, 'f1': 0.5769669327251995, 'precision': 0.46167883211678834, 'recall': 0.7689969604863222}
2026-04-23 21:35:10,067 - INFO - save checkpoint: ..\models_checkpoints/resnet_18_backbone_cv/2026-04-23_21_34_14_full_tuning_video/fold1/checkpoint/best_model.pth
2026-04-23 21:35:14,093 - INFO - epoch 2 | batch 50 | train_loss: 0.01150940
2026-04-23 21:35:18,124 - INFO - epoch 2 | batch 100 | train_loss: 0.01027216
2026-04-23 21:35:22,145 - INFO - epoch 2 | batch 150 | train_loss: 0.01013176
2026-04-23 21:35:26,176 - INFO - epoch 2 | batch 200 | train_loss: 0.00990800
2026-04-23 21:35:30,203 - INFO - epoch 2 | batch 250 | train_loss: 0.00984161
2026-04-23 21:35:34,264 - INFO - epoch 2 | batch 300 | train_loss: 0.00948197
2026-04-23 21:35:38,295 - INFO - epoch 2 | batch 350 | train_loss: 0.00912973
2026-04-23 21:35:50,937 - INFO - ================= epoch end =================
2026-04-23 21:35:50,938 - INFO - epoch 2 | train_loss: 0.14690195 | valid_loss: 0.88804901 | valid balanc. acc.: 0.61088271
2026-04-23 21:35:50,939 - INFO - metrics:
{'accuracy': 0.5812983918999405, 'balanced_accuracy': 0.6108827093051987, 'f1': 0.5832839359810315, 'precision': 0.478134110787172, 'recall': 0.7477203647416414}
2026-04-23 21:35:51,091 - INFO - save checkpoint: ..\models_checkpoints/resnet_18_backbone_cv/2026-04-23_21_34_14_full_tuning_video/fold1/checkpoint/best_model.pth
2026-04-23 21:35:55,134 - INFO - epoch 3 | batch 50 | train_loss: 0.00585082
2026-04-23 21:35:59,264 - INFO - epoch 3 | batch 100 | train_loss: 0.00507356
2026-04-23 21:36:03,297 - INFO - epoch 3 | batch 150 | train_loss: 0.00453405
2026-04-23 21:36:07,556 - INFO - epoch 3 | batch 200 | train_loss: 0.00457131
2026-04-23 21:36:11,718 - INFO - epoch 3 | batch 250 | train_loss: 0.00469959
2026-04-23 21:36:15,785 - INFO - epoch 3 | batch 300 | train_loss: 0.00449332
2026-04-23 21:36:19,818 - INFO - epoch 3 | batch 350 | train_loss: 0.00431464
2026-04-23 21:36:31,902 - INFO - ================= epoch end =================
2026-04-23 21:36:31,903 - INFO - epoch 3 | train_loss: 0.07000508 | valid_loss: 1.27294950 | valid balanc. acc.: 0.59353947
2026-04-23 21:36:31,904 - INFO - metrics:
{'accuracy': 0.5533055390113163, 'balanced_accuracy': 0.5935394705113588, 'f1': 0.5777027027027027, 'precision': 0.4588550983899821, 'recall': 0.7796352583586627}
2026-04-23 21:36:35,972 - INFO - epoch 4 | batch 50 | train_loss: 0.00245380
2026-04-23 21:36:40,012 - INFO - epoch 4 | batch 100 | train_loss: 0.00260372
2026-04-23 21:36:44,064 - INFO - epoch 4 | batch 150 | train_loss: 0.00252409
2026-04-23 21:36:48,152 - INFO - epoch 4 | batch 200 | train_loss: 0.00252507
2026-04-23 21:36:52,269 - INFO - epoch 4 | batch 250 | train_loss: 0.00239359
2026-04-23 21:36:56,317 - INFO - epoch 4 | batch 300 | train_loss: 0.00229743
2026-04-23 21:37:00,357 - INFO - epoch 4 | batch 350 | train_loss: 0.00223831
2026-04-23 21:37:12,929 - INFO - ================= epoch end =================
2026-04-23 21:37:12,929 - INFO - epoch 4 | train_loss: 0.03901332 | valid_loss: 1.80940527 | valid balanc. acc.: 0.57967411
2026-04-23 21:37:12,929 - INFO - metrics:
{'accuracy': 0.5193567599761763, 'balanced_accuracy': 0.5796741081661998, 'f1': 0.5833763551884358, 'precision': 0.44175136825645034, 'recall': 0.8586626139817629}
2026-04-23 21:37:17,036 - INFO - epoch 5 | batch 50 | train_loss: 0.00120198
2026-04-23 21:37:21,068 - INFO - epoch 5 | batch 100 | train_loss: 0.00132726
2026-04-23 21:37:25,183 - INFO - epoch 5 | batch 150 | train_loss: 0.00136228
2026-04-23 21:37:29,238 - INFO - epoch 5 | batch 200 | train_loss: 0.00133107
2026-04-23 21:37:33,279 - INFO - epoch 5 | batch 250 | train_loss: 0.00129359
2026-04-23 21:37:37,313 - INFO - epoch 5 | batch 300 | train_loss: 0.00134014
2026-04-23 21:37:41,365 - INFO - epoch 5 | batch 350 | train_loss: 0.00128825
2026-04-23 21:37:53,992 - INFO - ================= epoch end =================
2026-04-23 21:37:53,992 - INFO - epoch 5 | train_loss: 0.02386143 | valid_loss: 2.16358107 | valid balanc. acc.: 0.57256504
2026-04-23 21:37:53,993 - INFO - metrics:
{'accuracy': 0.5139964264443121, 'balanced_accuracy': 0.5725650399364114, 'f1': 0.5763239875389408, 'precision': 0.43769716088328076, 'recall': 0.8434650455927052}
2026-04-23 21:37:58,049 - INFO - epoch 6 | batch 50 | train_loss: 0.00052471
2026-04-23 21:38:02,123 - INFO - epoch 6 | batch 100 | train_loss: 0.00065884
2026-04-23 21:38:06,150 - INFO - epoch 6 | batch 150 | train_loss: 0.00083904
2026-04-23 21:38:10,172 - INFO - epoch 6 | batch 200 | train_loss: 0.00081087
2026-04-23 21:38:14,198 - INFO - epoch 6 | batch 250 | train_loss: 0.00082087
2026-04-23 21:38:18,219 - INFO - epoch 6 | batch 300 | train_loss: 0.00080735
2026-04-23 21:38:22,313 - INFO - epoch 6 | batch 350 | train_loss: 0.00082611
2026-04-23 21:38:35,892 - INFO - ================= epoch end =================
2026-04-23 21:38:35,893 - INFO - epoch 6 | train_loss: 0.01424428 | valid_loss: 1.90516918 | valid balanc. acc.: 0.58904718
2026-04-23 21:38:35,894 - INFO - metrics:
{'accuracy': 0.5425848719475879, 'balanced_accuracy': 0.5890471824214296, 'f1': 0.579408543263965, 'precision': 0.4529109589041096, 'recall': 0.8039513677811551}
2026-04-23 21:38:40,101 - INFO - epoch 7 | batch 50 | train_loss: 0.00061717
2026-04-23 21:38:44,129 - INFO - epoch 7 | batch 100 | train_loss: 0.00064604
2026-04-23 21:38:48,155 - INFO - epoch 7 | batch 150 | train_loss: 0.00052936
2026-04-23 21:38:52,178 - INFO - epoch 7 | batch 200 | train_loss: 0.00064462
2026-04-23 21:38:56,199 - INFO - epoch 7 | batch 250 | train_loss: 0.00088326
2026-04-23 21:39:00,224 - INFO - epoch 7 | batch 300 | train_loss: 0.00089312
2026-04-23 21:39:04,248 - INFO - epoch 7 | batch 350 | train_loss: 0.00087067
2026-04-23 21:39:16,091 - INFO - ================= epoch end =================
2026-04-23 21:39:16,092 - INFO - epoch 7 | train_loss: 0.01494043 | valid_loss: 2.16130599 | valid balanc. acc.: 0.57442343
2026-04-23 21:39:16,092 - INFO - metrics:
{'accuracy': 0.5270994639666469, 'balanced_accuracy': 0.5744234301551908, 'f1': 0.5680087051142546, 'precision': 0.4423728813559322, 'recall': 0.7933130699088146}
2026-04-23 21:39:20,117 - INFO - epoch 8 | batch 50 | train_loss: 0.00062422
2026-04-23 21:39:24,141 - INFO - epoch 8 | batch 100 | train_loss: 0.00071284
2026-04-23 21:39:28,167 - INFO - epoch 8 | batch 150 | train_loss: 0.00064745
2026-04-23 21:39:32,186 - INFO - epoch 8 | batch 200 | train_loss: 0.00059843
2026-04-23 21:39:36,249 - INFO - epoch 8 | batch 250 | train_loss: 0.00060211
2026-04-23 21:39:40,524 - INFO - epoch 8 | batch 300 | train_loss: 0.00054329
2026-04-23 21:39:44,543 - INFO - epoch 8 | batch 350 | train_loss: 0.00057282
2026-04-23 21:39:56,335 - INFO - ================= epoch end =================
2026-04-23 21:39:56,336 - INFO - epoch 8 | train_loss: 0.01005488 | valid_loss: 2.21973724 | valid balanc. acc.: 0.57658473
2026-04-23 21:39:56,337 - INFO - metrics:
{'accuracy': 0.5270994639666469, 'balanced_accuracy': 0.5765847297928903, 'f1': 0.5717367853290184, 'precision': 0.4431438127090301, 'recall': 0.8054711246200608}
2026-04-23 21:40:00,399 - INFO - epoch 9 | batch 50 | train_loss: 0.00081492
2026-04-23 21:40:04,419 - INFO - epoch 9 | batch 100 | train_loss: 0.00083765
2026-04-23 21:40:08,440 - INFO - epoch 9 | batch 150 | train_loss: 0.00069470
2026-04-23 21:40:12,464 - INFO - epoch 9 | batch 200 | train_loss: 0.00061810
2026-04-23 21:40:16,505 - INFO - epoch 9 | batch 250 | train_loss: 0.00060846
2026-04-23 21:40:20,528 - INFO - epoch 9 | batch 300 | train_loss: 0.00055700
2026-04-23 21:40:24,549 - INFO - epoch 9 | batch 350 | train_loss: 0.00056639
2026-04-23 21:40:36,830 - INFO - ================= epoch end =================
2026-04-23 21:40:36,831 - INFO - epoch 9 | train_loss: 0.01263882 | valid_loss: 2.36442496 | valid balanc. acc.: 0.58063717
2026-04-23 21:40:36,831 - INFO - metrics:
{'accuracy': 0.5270994639666469, 'balanced_accuracy': 0.5806371666135769, 'f1': 0.578556263269639, 'precision': 0.4445350734094617, 'recall': 0.8282674772036475}
2026-04-23 21:40:41,175 - INFO - epoch 10 | batch 50 | train_loss: 0.00060705
2026-04-23 21:40:45,244 - INFO - epoch 10 | batch 100 | train_loss: 0.00067071
2026-04-23 21:40:49,384 - INFO - epoch 10 | batch 150 | train_loss: 0.00062589
2026-04-23 21:40:53,560 - INFO - epoch 10 | batch 200 | train_loss: 0.00054473
2026-04-23 21:40:57,589 - INFO - epoch 10 | batch 250 | train_loss: 0.00050438
2026-04-23 21:41:01,608 - INFO - epoch 10 | batch 300 | train_loss: 0.00048749
2026-04-23 21:41:05,629 - INFO - epoch 10 | batch 350 | train_loss: 0.00053722
2026-04-23 21:41:17,826 - INFO - ================= epoch end =================
2026-04-23 21:41:17,827 - INFO - epoch 10 | train_loss: 0.01235436 | valid_loss: 2.56058031 | valid balanc. acc.: 0.57845875
2026-04-23 21:41:17,828 - INFO - metrics:
{'accuracy': 0.5241215008933889, 'balanced_accuracy': 0.5784587492445871, 'f1': 0.5774722369116869, 'precision': 0.44282238442822386, 'recall': 0.8297872340425532}
2026-04-23 21:41:17,832 - INFO - Fold 2
2026-04-23 21:41:17,838 - INFO - 
    ======= about folds =======
    ((5771, 8), (1509, 8))
    set()
    label
0    2993
1    2778
Name: image_path, dtype: int64     
    label
0    647
1    862
Name: image_path, dtype: int64
    
2026-04-23 21:41:18,076 - INFO - 
    Всего параметров: 11,177,538
    Обучаемых:       11,177,538
    
2026-04-23 21:41:22,117 - INFO - epoch 1 | batch 50 | train_loss: 0.03694658
2026-04-23 21:41:26,133 - INFO - epoch 1 | batch 100 | train_loss: 0.03476672
2026-04-23 21:41:30,149 - INFO - epoch 1 | batch 150 | train_loss: 0.03196883
2026-04-23 21:41:34,388 - INFO - epoch 1 | batch 200 | train_loss: 0.02938519
2026-04-23 21:41:38,418 - INFO - epoch 1 | batch 250 | train_loss: 0.02752563
2026-04-23 21:41:42,431 - INFO - epoch 1 | batch 300 | train_loss: 0.02595073
2026-04-23 21:41:46,571 - INFO - epoch 1 | batch 350 | train_loss: 0.02445425
2026-04-23 21:41:58,930 - INFO - ================= epoch end =================
2026-04-23 21:41:58,931 - INFO - epoch 1 | train_loss: 0.38791131 | valid_loss: 0.86244163 | valid balanc. acc.: 0.62595972
2026-04-23 21:41:58,932 - INFO - metrics:
{'accuracy': 0.6056991385023194, 'balanced_accuracy': 0.6259597212908409, 'f1': 0.5836249125262422, 'precision': 0.7354497354497355, 'recall': 0.4837587006960557}
2026-04-23 21:41:59,040 - INFO - save checkpoint: ..\models_checkpoints/resnet_18_backbone_cv/2026-04-23_21_34_14_full_tuning_video/fold2/checkpoint/best_model.pth
2026-04-23 21:42:03,059 - INFO - epoch 2 | batch 50 | train_loss: 0.01179524
2026-04-23 21:42:07,081 - INFO - epoch 2 | batch 100 | train_loss: 0.01068171
2026-04-23 21:42:11,133 - INFO - epoch 2 | batch 150 | train_loss: 0.01031480
2026-04-23 21:42:15,149 - INFO - epoch 2 | batch 200 | train_loss: 0.00999396
2026-04-23 21:42:19,164 - INFO - epoch 2 | batch 250 | train_loss: 0.00954973
2026-04-23 21:42:23,178 - INFO - epoch 2 | batch 300 | train_loss: 0.00938944
2026-04-23 21:42:27,437 - INFO - epoch 2 | batch 350 | train_loss: 0.00927582
2026-04-23 21:42:39,038 - INFO - ================= epoch end =================
2026-04-23 21:42:39,039 - INFO - epoch 2 | train_loss: 0.14656738 | valid_loss: 0.97540848 | valid balanc. acc.: 0.58795368
2026-04-23 21:42:39,039 - INFO - metrics:
{'accuracy': 0.5931080185553347, 'balanced_accuracy': 0.5879536823533209, 'f1': 0.6366863905325444, 'precision': 0.6497584541062802, 'recall': 0.6241299303944315}
2026-04-23 21:42:43,043 - INFO - epoch 3 | batch 50 | train_loss: 0.00350385
2026-04-23 21:42:47,066 - INFO - epoch 3 | batch 100 | train_loss: 0.00409188
2026-04-23 21:42:51,094 - INFO - epoch 3 | batch 150 | train_loss: 0.00400213
2026-04-23 21:42:55,110 - INFO - epoch 3 | batch 200 | train_loss: 0.00398186
2026-04-23 21:42:59,126 - INFO - epoch 3 | batch 250 | train_loss: 0.00395453
2026-04-23 21:43:03,167 - INFO - epoch 3 | batch 300 | train_loss: 0.00390794
2026-04-23 21:43:07,181 - INFO - epoch 3 | batch 350 | train_loss: 0.00387335
2026-04-23 21:43:18,792 - INFO - ================= epoch end =================
2026-04-23 21:43:18,793 - INFO - epoch 3 | train_loss: 0.06176318 | valid_loss: 1.12954922 | valid balanc. acc.: 0.60863364
2026-04-23 21:43:18,794 - INFO - metrics:
{'accuracy': 0.6136514247846255, 'balanced_accuracy': 0.6086336365951007, 'f1': 0.6556408741878322, 'precision': 0.6678700361010831, 'recall': 0.6438515081206496}
2026-04-23 21:43:22,858 - INFO - epoch 4 | batch 50 | train_loss: 0.00254411
2026-04-23 21:43:27,047 - INFO - epoch 4 | batch 100 | train_loss: 0.00217721
2026-04-23 21:43:31,063 - INFO - epoch 4 | batch 150 | train_loss: 0.00210774
2026-04-23 21:43:35,077 - INFO - epoch 4 | batch 200 | train_loss: 0.00238158
2026-04-23 21:43:39,094 - INFO - epoch 4 | batch 250 | train_loss: 0.00248172
2026-04-23 21:43:43,107 - INFO - epoch 4 | batch 300 | train_loss: 0.00241950
2026-04-23 21:43:47,120 - INFO - epoch 4 | batch 350 | train_loss: 0.00233031
2026-04-23 21:43:58,530 - INFO - ================= epoch end =================
2026-04-23 21:43:58,531 - INFO - epoch 4 | train_loss: 0.03737008 | valid_loss: 1.31071538 | valid balanc. acc.: 0.59605461
2026-04-23 21:43:58,532 - INFO - metrics:
{'accuracy': 0.5950960901259112, 'balanced_accuracy': 0.5960546086345331, 'f1': 0.6244622003687769, 'precision': 0.6640522875816993, 'recall': 0.5893271461716937}
2026-04-23 21:44:02,554 - INFO - epoch 5 | batch 50 | train_loss: 0.00177042
2026-04-23 21:44:06,567 - INFO - epoch 5 | batch 100 | train_loss: 0.00154646
2026-04-23 21:44:10,582 - INFO - epoch 5 | batch 150 | train_loss: 0.00129819
2026-04-23 21:44:14,595 - INFO - epoch 5 | batch 200 | train_loss: 0.00133624
2026-04-23 21:44:18,841 - INFO - epoch 5 | batch 250 | train_loss: 0.00129590
2026-04-23 21:44:22,851 - INFO - epoch 5 | batch 300 | train_loss: 0.00143987
2026-04-23 21:44:26,879 - INFO - epoch 5 | batch 350 | train_loss: 0.00144483
2026-04-23 21:44:38,313 - INFO - ================= epoch end =================
2026-04-23 21:44:38,314 - INFO - epoch 5 | train_loss: 0.02296663 | valid_loss: 1.31619539 | valid balanc. acc.: 0.57966359
2026-04-23 21:44:38,315 - INFO - metrics:
{'accuracy': 0.5924453280318092, 'balanced_accuracy': 0.5796635910161839, 'f1': 0.6523459581684568, 'precision': 0.6361631753031973, 'recall': 0.6693735498839907}
2026-04-23 21:44:42,325 - INFO - epoch 6 | batch 50 | train_loss: 0.00110821
2026-04-23 21:44:46,431 - INFO - epoch 6 | batch 100 | train_loss: 0.00110239
2026-04-23 21:44:50,485 - INFO - epoch 6 | batch 150 | train_loss: 0.00122857
2026-04-23 21:44:54,515 - INFO - epoch 6 | batch 200 | train_loss: 0.00115743
2026-04-23 21:44:58,575 - INFO - epoch 6 | batch 250 | train_loss: 0.00117548
2026-04-23 21:45:02,620 - INFO - epoch 6 | batch 300 | train_loss: 0.00114759
2026-04-23 21:45:06,804 - INFO - epoch 6 | batch 350 | train_loss: 0.00109195
2026-04-23 21:45:19,027 - INFO - ================= epoch end =================
2026-04-23 21:45:19,028 - INFO - epoch 6 | train_loss: 0.01789856 | valid_loss: 1.58850860 | valid balanc. acc.: 0.59667948
2026-04-23 21:45:19,029 - INFO - metrics:
{'accuracy': 0.6123260437375746, 'balanced_accuracy': 0.5966794808808815, 'f1': 0.6755407653910149, 'precision': 0.6471838469713072, 'recall': 0.7064965197215777}
2026-04-23 21:45:23,146 - INFO - epoch 7 | batch 50 | train_loss: 0.00052507
2026-04-23 21:45:27,238 - INFO - epoch 7 | batch 100 | train_loss: 0.00046607
2026-04-23 21:45:31,391 - INFO - epoch 7 | batch 150 | train_loss: 0.00051931
2026-04-23 21:45:35,573 - INFO - epoch 7 | batch 200 | train_loss: 0.00059823
2026-04-23 21:45:39,601 - INFO - epoch 7 | batch 250 | train_loss: 0.00071104
2026-04-23 21:45:43,848 - INFO - epoch 7 | batch 300 | train_loss: 0.00081373
2026-04-23 21:45:47,912 - INFO - epoch 7 | batch 350 | train_loss: 0.00083335
2026-04-23 21:46:00,083 - INFO - ================= epoch end =================
2026-04-23 21:46:00,084 - INFO - epoch 7 | train_loss: 0.01309616 | valid_loss: 1.55872662 | valid balanc. acc.: 0.58275299
2026-04-23 21:46:00,085 - INFO - metrics:
{'accuracy': 0.5944333996023857, 'balanced_accuracy': 0.5827529880906701, 'f1': 0.6518771331058021, 'precision': 0.6395089285714286, 'recall': 0.6647331786542924}
2026-04-23 21:46:04,185 - INFO - epoch 8 | batch 50 | train_loss: 0.00046370
2026-04-23 21:46:08,266 - INFO - epoch 8 | batch 100 | train_loss: 0.00046569
2026-04-23 21:46:12,389 - INFO - epoch 8 | batch 150 | train_loss: 0.00042269
2026-04-23 21:46:16,429 - INFO - epoch 8 | batch 200 | train_loss: 0.00045908
2026-04-23 21:46:20,526 - INFO - epoch 8 | batch 250 | train_loss: 0.00052366
2026-04-23 21:46:24,566 - INFO - epoch 8 | batch 300 | train_loss: 0.00050518
2026-04-23 21:46:28,602 - INFO - epoch 8 | batch 350 | train_loss: 0.00065033
2026-04-23 21:46:40,827 - INFO - ================= epoch end =================
2026-04-23 21:46:40,828 - INFO - epoch 8 | train_loss: 0.01034612 | valid_loss: 1.49719611 | valid balanc. acc.: 0.61732716
2026-04-23 21:46:40,829 - INFO - metrics:
{'accuracy': 0.6209410205434063, 'balanced_accuracy': 0.6173271605159634, 'f1': 0.6595238095238095, 'precision': 0.6772616136919315, 'recall': 0.642691415313225}
2026-04-23 21:46:44,891 - INFO - epoch 9 | batch 50 | train_loss: 0.00152625
2026-04-23 21:46:48,953 - INFO - epoch 9 | batch 100 | train_loss: 0.00094675
2026-04-23 21:46:52,982 - INFO - epoch 9 | batch 150 | train_loss: 0.00071190
2026-04-23 21:46:57,020 - INFO - epoch 9 | batch 200 | train_loss: 0.00066844
2026-04-23 21:47:01,185 - INFO - epoch 9 | batch 250 | train_loss: 0.00060517
2026-04-23 21:47:05,204 - INFO - epoch 9 | batch 300 | train_loss: 0.00056128
2026-04-23 21:47:09,237 - INFO - epoch 9 | batch 350 | train_loss: 0.00054708
2026-04-23 21:47:20,742 - INFO - ================= epoch end =================
2026-04-23 21:47:20,743 - INFO - epoch 9 | train_loss: 0.00870601 | valid_loss: 1.63215911 | valid balanc. acc.: 0.58062735
2026-04-23 21:47:20,744 - INFO - metrics:
{'accuracy': 0.5924453280318092, 'balanced_accuracy': 0.580627346632862, 'f1': 0.6503695281409893, 'precision': 0.6376811594202898, 'recall': 0.6635730858468677}
2026-04-23 21:47:24,760 - INFO - epoch 10 | batch 50 | train_loss: 0.00112377
2026-04-23 21:47:28,779 - INFO - epoch 10 | batch 100 | train_loss: 0.00118410
2026-04-23 21:47:32,802 - INFO - epoch 10 | batch 150 | train_loss: 0.00092631
2026-04-23 21:47:36,833 - INFO - epoch 10 | batch 200 | train_loss: 0.00078522
2026-04-23 21:47:40,856 - INFO - epoch 10 | batch 250 | train_loss: 0.00083012
2026-04-23 21:47:44,878 - INFO - epoch 10 | batch 300 | train_loss: 0.00071240
2026-04-23 21:47:48,917 - INFO - epoch 10 | batch 350 | train_loss: 0.00065318
2026-04-23 21:48:01,129 - INFO - ================= epoch end =================
2026-04-23 21:48:01,131 - INFO - epoch 10 | train_loss: 0.01020663 | valid_loss: 1.79914319 | valid balanc. acc.: 0.56921379
2026-04-23 21:48:01,132 - INFO - metrics:
{'accuracy': 0.5772034459907224, 'balanced_accuracy': 0.5692137905808353, 'f1': 0.6282051282051282, 'precision': 0.6311475409836066, 'recall': 0.6252900232018561}
2026-04-23 21:48:01,135 - INFO - Fold 3
2026-04-23 21:48:01,142 - INFO - 
    ======= about folds =======
    ((5937, 8), (1343, 8))
    set()
    label
0    2961
1    2976
Name: image_path, dtype: int64     
    label
0    679
1    664
Name: image_path, dtype: int64
    
2026-04-23 21:48:01,368 - INFO - 
    Всего параметров: 11,177,538
    Обучаемых:       11,177,538
    
2026-04-23 21:48:05,578 - INFO - epoch 1 | batch 50 | train_loss: 0.03748161
2026-04-23 21:48:09,637 - INFO - epoch 1 | batch 100 | train_loss: 0.03453065
2026-04-23 21:48:13,683 - INFO - epoch 1 | batch 150 | train_loss: 0.03208171
2026-04-23 21:48:17,715 - INFO - epoch 1 | batch 200 | train_loss: 0.02997533
2026-04-23 21:48:21,747 - INFO - epoch 1 | batch 250 | train_loss: 0.02818210
2026-04-23 21:48:25,883 - INFO - epoch 1 | batch 300 | train_loss: 0.02685455
2026-04-23 21:48:29,916 - INFO - epoch 1 | batch 350 | train_loss: 0.02541507
2026-04-23 21:48:41,275 - INFO - ================= epoch end =================
2026-04-23 21:48:41,276 - INFO - epoch 1 | train_loss: 0.40079340 | valid_loss: 0.67817473 | valid balanc. acc.: 0.66653876
2026-04-23 21:48:41,277 - INFO - metrics:
{'accuracy': 0.6656738644825019, 'balanced_accuracy': 0.6665387618219565, 'f1': 0.6875434933890049, 'precision': 0.6390685640362225, 'recall': 0.7439759036144579}
2026-04-23 21:48:41,393 - INFO - save checkpoint: ..\models_checkpoints/resnet_18_backbone_cv/2026-04-23_21_34_14_full_tuning_video/fold3/checkpoint/best_model.pth
2026-04-23 21:48:45,408 - INFO - epoch 2 | batch 50 | train_loss: 0.01128624
2026-04-23 21:48:49,427 - INFO - epoch 2 | batch 100 | train_loss: 0.01091539
2026-04-23 21:48:53,567 - INFO - epoch 2 | batch 150 | train_loss: 0.01086386
2026-04-23 21:48:58,076 - INFO - epoch 2 | batch 200 | train_loss: 0.01043923
2026-04-23 21:49:02,178 - INFO - epoch 2 | batch 250 | train_loss: 0.01002451
2026-04-23 21:49:06,261 - INFO - epoch 2 | batch 300 | train_loss: 0.00969604
2026-04-23 21:49:10,377 - INFO - epoch 2 | batch 350 | train_loss: 0.00949955
2026-04-23 21:49:23,352 - INFO - ================= epoch end =================
2026-04-23 21:49:23,352 - INFO - epoch 2 | train_loss: 0.15055108 | valid_loss: 0.73204483 | valid balanc. acc.: 0.68791477
2026-04-23 21:49:23,353 - INFO - metrics:
{'accuracy': 0.68801191362621, 'balanced_accuracy': 0.6879147665773551, 'f1': 0.6828160484481454, 'precision': 0.6864535768645358, 'recall': 0.6792168674698795}
2026-04-23 21:49:23,502 - INFO - save checkpoint: ..\models_checkpoints/resnet_18_backbone_cv/2026-04-23_21_34_14_full_tuning_video/fold3/checkpoint/best_model.pth
2026-04-23 21:49:27,708 - INFO - epoch 3 | batch 50 | train_loss: 0.00551900
2026-04-23 21:49:31,809 - INFO - epoch 3 | batch 100 | train_loss: 0.00501483
2026-04-23 21:49:35,852 - INFO - epoch 3 | batch 150 | train_loss: 0.00493118
2026-04-23 21:49:39,893 - INFO - epoch 3 | batch 200 | train_loss: 0.00473727
2026-04-23 21:49:43,961 - INFO - epoch 3 | batch 250 | train_loss: 0.00450081
2026-04-23 21:49:48,028 - INFO - epoch 3 | batch 300 | train_loss: 0.00447304
2026-04-23 21:49:52,085 - INFO - epoch 3 | batch 350 | train_loss: 0.00428323
2026-04-23 21:50:03,313 - INFO - ================= epoch end =================
2026-04-23 21:50:03,314 - INFO - epoch 3 | train_loss: 0.06975683 | valid_loss: 0.89096327 | valid balanc. acc.: 0.67536752
2026-04-23 21:50:03,315 - INFO - metrics:
{'accuracy': 0.6760982874162323, 'balanced_accuracy': 0.6753675231115922, 'f1': 0.6506024096385542, 'precision': 0.6970740103270223, 'recall': 0.6099397590361446}
2026-04-23 21:50:07,322 - INFO - epoch 4 | batch 50 | train_loss: 0.00357270
2026-04-23 21:50:11,358 - INFO - epoch 4 | batch 100 | train_loss: 0.00320900
2026-04-23 21:50:15,446 - INFO - epoch 4 | batch 150 | train_loss: 0.00312746
2026-04-23 21:50:19,464 - INFO - epoch 4 | batch 200 | train_loss: 0.00292671
2026-04-23 21:50:23,493 - INFO - epoch 4 | batch 250 | train_loss: 0.00276600
2026-04-23 21:50:27,549 - INFO - epoch 4 | batch 300 | train_loss: 0.00272885
2026-04-23 21:50:31,636 - INFO - epoch 4 | batch 350 | train_loss: 0.00260520
2026-04-23 21:50:43,559 - INFO - ================= epoch end =================
2026-04-23 21:50:43,560 - INFO - epoch 4 | train_loss: 0.04473427 | valid_loss: 1.32539457 | valid balanc. acc.: 0.60420844
2026-04-23 21:50:43,560 - INFO - metrics:
{'accuracy': 0.6016381236038719, 'balanced_accuracy': 0.6042084390581473, 'f1': 0.6743761412051126, 'precision': 0.5658835546475995, 'recall': 0.8343373493975904}
2026-04-23 21:50:47,549 - INFO - epoch 5 | batch 50 | train_loss: 0.00146334
2026-04-23 21:50:51,591 - INFO - epoch 5 | batch 100 | train_loss: 0.00137342
2026-04-23 21:50:55,704 - INFO - epoch 5 | batch 150 | train_loss: 0.00140125
2026-04-23 21:50:59,784 - INFO - epoch 5 | batch 200 | train_loss: 0.00123282
2026-04-23 21:51:03,848 - INFO - epoch 5 | batch 250 | train_loss: 0.00136440
2026-04-23 21:51:08,400 - INFO - epoch 5 | batch 300 | train_loss: 0.00127941
2026-04-23 21:51:12,577 - INFO - epoch 5 | batch 350 | train_loss: 0.00140271
2026-04-23 21:51:25,050 - INFO - ================= epoch end =================
2026-04-23 21:51:25,051 - INFO - epoch 5 | train_loss: 0.02502305 | valid_loss: 1.19266668 | valid balanc. acc.: 0.65575927
2026-04-23 21:51:25,052 - INFO - metrics:
{'accuracy': 0.6545048399106478, 'balanced_accuracy': 0.6557592668168994, 'f1': 0.6873315363881402, 'precision': 0.6219512195121951, 'recall': 0.7680722891566265}
2026-04-23 21:51:29,182 - INFO - epoch 6 | batch 50 | train_loss: 0.00090568
2026-04-23 21:51:33,229 - INFO - epoch 6 | batch 100 | train_loss: 0.00088180
2026-04-23 21:51:37,269 - INFO - epoch 6 | batch 150 | train_loss: 0.00089143
2026-04-23 21:51:41,304 - INFO - epoch 6 | batch 200 | train_loss: 0.00101421
2026-04-23 21:51:45,325 - INFO - epoch 6 | batch 250 | train_loss: 0.00104677
2026-04-23 21:51:49,348 - INFO - epoch 6 | batch 300 | train_loss: 0.00100891
2026-04-23 21:51:53,385 - INFO - epoch 6 | batch 350 | train_loss: 0.00102338
2026-04-23 21:52:04,995 - INFO - ================= epoch end =================
2026-04-23 21:52:04,996 - INFO - epoch 6 | train_loss: 0.01834451 | valid_loss: 1.21244265 | valid balanc. acc.: 0.66699234
2026-04-23 21:52:04,997 - INFO - metrics:
{'accuracy': 0.6664184661206255, 'balanced_accuracy': 0.6669923434533421, 'f1': 0.6804564907275321, 'precision': 0.6463414634146342, 'recall': 0.7183734939759037}
2026-04-23 21:52:09,092 - INFO - epoch 7 | batch 50 | train_loss: 0.00049535
2026-04-23 21:52:13,248 - INFO - epoch 7 | batch 100 | train_loss: 0.00061503
2026-04-23 21:52:17,290 - INFO - epoch 7 | batch 150 | train_loss: 0.00067412
2026-04-23 21:52:21,350 - INFO - epoch 7 | batch 200 | train_loss: 0.00068626
2026-04-23 21:52:25,393 - INFO - epoch 7 | batch 250 | train_loss: 0.00070601
2026-04-23 21:52:29,446 - INFO - epoch 7 | batch 300 | train_loss: 0.00084774
2026-04-23 21:52:33,535 - INFO - epoch 7 | batch 350 | train_loss: 0.00088543
2026-04-23 21:52:48,753 - INFO - ================= epoch end =================
2026-04-23 21:52:48,753 - INFO - epoch 7 | train_loss: 0.01567083 | valid_loss: 1.42061110 | valid balanc. acc.: 0.64701035
2026-04-23 21:52:48,754 - INFO - metrics:
{'accuracy': 0.6463142218912882, 'balanced_accuracy': 0.6470103536384123, 'f1': 0.6647847565278758, 'precision': 0.6254980079681275, 'recall': 0.7093373493975904}
2026-04-23 21:52:52,828 - INFO - epoch 8 | batch 50 | train_loss: 0.00065559
2026-04-23 21:52:56,983 - INFO - epoch 8 | batch 100 | train_loss: 0.00050184
2026-04-23 21:53:01,051 - INFO - epoch 8 | batch 150 | train_loss: 0.00049639
2026-04-23 21:53:05,090 - INFO - epoch 8 | batch 200 | train_loss: 0.00068968
2026-04-23 21:53:09,527 - INFO - epoch 8 | batch 250 | train_loss: 0.00089205
2026-04-23 21:53:13,725 - INFO - epoch 8 | batch 300 | train_loss: 0.00084986
2026-04-23 21:53:18,230 - INFO - epoch 8 | batch 350 | train_loss: 0.00082264
2026-04-23 21:53:29,985 - INFO - ================= epoch end =================
2026-04-23 21:53:29,988 - INFO - epoch 8 | train_loss: 0.01430531 | valid_loss: 1.50451472 | valid balanc. acc.: 0.64262093
2026-04-23 21:53:29,990 - INFO - metrics:
{'accuracy': 0.6411020104244229, 'balanced_accuracy': 0.6426209255283284, 'f1': 0.6820580474934037, 'precision': 0.6068075117370892, 'recall': 0.7786144578313253}
2026-04-23 21:53:34,214 - INFO - epoch 9 | batch 50 | train_loss: 0.00047792
2026-04-23 21:53:38,291 - INFO - epoch 9 | batch 100 | train_loss: 0.00067063
2026-04-23 21:53:42,449 - INFO - epoch 9 | batch 150 | train_loss: 0.00070242
2026-04-23 21:53:46,799 - INFO - epoch 9 | batch 200 | train_loss: 0.00056764
2026-04-23 21:53:51,076 - INFO - epoch 9 | batch 250 | train_loss: 0.00068738
2026-04-23 21:53:55,107 - INFO - epoch 9 | batch 300 | train_loss: 0.00073266
2026-04-23 21:53:59,151 - INFO - epoch 9 | batch 350 | train_loss: 0.00067612
2026-04-23 21:54:11,365 - INFO - ================= epoch end =================
2026-04-23 21:54:11,366 - INFO - epoch 9 | train_loss: 0.01235530 | valid_loss: 1.86024079 | valid balanc. acc.: 0.59912034
2026-04-23 21:54:11,367 - INFO - metrics:
{'accuracy': 0.5964259121370067, 'balanced_accuracy': 0.5991203399755133, 'f1': 0.6731001206272618, 'precision': 0.5613682092555332, 'recall': 0.8403614457831325}
2026-04-23 21:54:15,399 - INFO - epoch 10 | batch 50 | train_loss: 0.00056295
2026-04-23 21:54:19,414 - INFO - epoch 10 | batch 100 | train_loss: 0.00047605
2026-04-23 21:54:23,428 - INFO - epoch 10 | batch 150 | train_loss: 0.00056015
2026-04-23 21:54:27,545 - INFO - epoch 10 | batch 200 | train_loss: 0.00047841
2026-04-23 21:54:31,589 - INFO - epoch 10 | batch 250 | train_loss: 0.00045037
2026-04-23 21:54:35,602 - INFO - epoch 10 | batch 300 | train_loss: 0.00052616
2026-04-23 21:54:39,618 - INFO - epoch 10 | batch 350 | train_loss: 0.00052047
2026-04-23 21:54:50,787 - INFO - ================= epoch end =================
2026-04-23 21:54:50,788 - INFO - epoch 10 | train_loss: 0.01008251 | valid_loss: 1.55230808 | valid balanc. acc.: 0.61487149
2026-04-23 21:54:50,789 - INFO - metrics:
{'accuracy': 0.612807148175726, 'balanced_accuracy': 0.6148714889011125, 'f1': 0.6713021491782554, 'precision': 0.5784313725490197, 'recall': 0.7996987951807228}
2026-04-23 21:54:50,795 - INFO - Fold 4
2026-04-23 21:54:50,801 - INFO - 
    ======= about folds =======
    ((5888, 8), (1392, 8))
    set()
    label
0    3010
1    2878
Name: image_path, dtype: int64     
    label
0    630
1    762
Name: image_path, dtype: int64
    
2026-04-23 21:54:51,048 - INFO - 
    Всего параметров: 11,177,538
    Обучаемых:       11,177,538
    
2026-04-23 21:54:55,099 - INFO - epoch 1 | batch 50 | train_loss: 0.03252459
2026-04-23 21:54:59,174 - INFO - epoch 1 | batch 100 | train_loss: 0.03119575
2026-04-23 21:55:03,274 - INFO - epoch 1 | batch 150 | train_loss: 0.02943028
2026-04-23 21:55:07,286 - INFO - epoch 1 | batch 200 | train_loss: 0.02787195
2026-04-23 21:55:11,300 - INFO - epoch 1 | batch 250 | train_loss: 0.02649247
2026-04-23 21:55:15,333 - INFO - epoch 1 | batch 300 | train_loss: 0.02503626
2026-04-23 21:55:19,345 - INFO - epoch 1 | batch 350 | train_loss: 0.02385190
2026-04-23 21:55:30,696 - INFO - ================= epoch end =================
2026-04-23 21:55:30,697 - INFO - epoch 1 | train_loss: 0.37616599 | valid_loss: 0.64614652 | valid balanc. acc.: 0.68020247
2026-04-23 21:55:30,698 - INFO - metrics:
{'accuracy': 0.6810344827586207, 'balanced_accuracy': 0.6802024746906636, 'f1': 0.7028112449799196, 'precision': 0.7172131147540983, 'recall': 0.6889763779527559}
2026-04-23 21:55:30,810 - INFO - save checkpoint: ..\models_checkpoints/resnet_18_backbone_cv/2026-04-23_21_34_14_full_tuning_video/fold4/checkpoint/best_model.pth
2026-04-23 21:55:34,827 - INFO - epoch 2 | batch 50 | train_loss: 0.01089637
2026-04-23 21:55:38,848 - INFO - epoch 2 | batch 100 | train_loss: 0.01099857
2026-04-23 21:55:42,858 - INFO - epoch 2 | batch 150 | train_loss: 0.01112425
2026-04-23 21:55:46,872 - INFO - epoch 2 | batch 200 | train_loss: 0.01046834
2026-04-23 21:55:50,891 - INFO - epoch 2 | batch 250 | train_loss: 0.01005727
2026-04-23 21:55:54,910 - INFO - epoch 2 | batch 300 | train_loss: 0.00972399
2026-04-23 21:55:59,081 - INFO - epoch 2 | batch 350 | train_loss: 0.00945880
2026-04-23 21:56:10,365 - INFO - ================= epoch end =================
2026-04-23 21:56:10,365 - INFO - epoch 2 | train_loss: 0.14939887 | valid_loss: 0.82754775 | valid balanc. acc.: 0.62374703
2026-04-23 21:56:10,366 - INFO - metrics:
{'accuracy': 0.6451149425287356, 'balanced_accuracy': 0.6237470316210474, 'f1': 0.7237136465324385, 'precision': 0.6306042884990254, 'recall': 0.8490813648293963}
2026-04-23 21:56:14,515 - INFO - epoch 3 | batch 50 | train_loss: 0.00442007
2026-04-23 21:56:18,772 - INFO - epoch 3 | batch 100 | train_loss: 0.00446913
2026-04-23 21:56:22,785 - INFO - epoch 3 | batch 150 | train_loss: 0.00468357
2026-04-23 21:56:26,798 - INFO - epoch 3 | batch 200 | train_loss: 0.00439805
2026-04-23 21:56:30,887 - INFO - epoch 3 | batch 250 | train_loss: 0.00459719
2026-04-23 21:56:34,899 - INFO - epoch 3 | batch 300 | train_loss: 0.00443206
2026-04-23 21:56:38,920 - INFO - epoch 3 | batch 350 | train_loss: 0.00435268
2026-04-23 21:56:50,425 - INFO - ================= epoch end =================
2026-04-23 21:56:50,426 - INFO - epoch 3 | train_loss: 0.06938460 | valid_loss: 0.96922526 | valid balanc. acc.: 0.63604549
2026-04-23 21:56:50,427 - INFO - metrics:
{'accuracy': 0.6594827586206896, 'balanced_accuracy': 0.6360454943132109, 'f1': 0.7395604395604396, 'precision': 0.6361058601134215, 'recall': 0.8832020997375328}
2026-04-23 21:56:54,434 - INFO - epoch 4 | batch 50 | train_loss: 0.00286491
2026-04-23 21:56:58,449 - INFO - epoch 4 | batch 100 | train_loss: 0.00251674
2026-04-23 21:57:02,470 - INFO - epoch 4 | batch 150 | train_loss: 0.00278431
2026-04-23 21:57:06,513 - INFO - epoch 4 | batch 200 | train_loss: 0.00271948
2026-04-23 21:57:10,578 - INFO - epoch 4 | batch 250 | train_loss: 0.00265417
2026-04-23 21:57:14,610 - INFO - epoch 4 | batch 300 | train_loss: 0.00259851
2026-04-23 21:57:18,640 - INFO - epoch 4 | batch 350 | train_loss: 0.00254929
2026-04-23 21:57:30,807 - INFO - ================= epoch end =================
2026-04-23 21:57:30,808 - INFO - epoch 4 | train_loss: 0.04153117 | valid_loss: 0.87585791 | valid balanc. acc.: 0.69998750
2026-04-23 21:57:30,809 - INFO - metrics:
{'accuracy': 0.7097701149425287, 'balanced_accuracy': 0.6999875015623047, 'f1': 0.7518427518427518, 'precision': 0.7066974595842956, 'recall': 0.8031496062992126}
2026-04-23 21:57:30,983 - INFO - save checkpoint: ..\models_checkpoints/resnet_18_backbone_cv/2026-04-23_21_34_14_full_tuning_video/fold4/checkpoint/best_model.pth
2026-04-23 21:57:35,280 - INFO - epoch 5 | batch 50 | train_loss: 0.00230287
2026-04-23 21:57:39,294 - INFO - epoch 5 | batch 100 | train_loss: 0.00166902
2026-04-23 21:57:43,305 - INFO - epoch 5 | batch 150 | train_loss: 0.00149387
2026-04-23 21:57:47,318 - INFO - epoch 5 | batch 200 | train_loss: 0.00147481
2026-04-23 21:57:51,335 - INFO - epoch 5 | batch 250 | train_loss: 0.00155787
2026-04-23 21:57:55,368 - INFO - epoch 5 | batch 300 | train_loss: 0.00153904
2026-04-23 21:57:59,678 - INFO - epoch 5 | batch 350 | train_loss: 0.00155722
2026-04-23 21:58:10,964 - INFO - ================= epoch end =================
2026-04-23 21:58:10,964 - INFO - epoch 5 | train_loss: 0.02745927 | valid_loss: 1.02744693 | valid balanc. acc.: 0.68945132
2026-04-23 21:58:10,964 - INFO - metrics:
{'accuracy': 0.7054597701149425, 'balanced_accuracy': 0.6894513185851769, 'f1': 0.7613504074505238, 'precision': 0.6841004184100419, 'recall': 0.8582677165354331}
2026-04-23 21:58:15,010 - INFO - epoch 6 | batch 50 | train_loss: 0.00117831
2026-04-23 21:58:19,094 - INFO - epoch 6 | batch 100 | train_loss: 0.00128945
2026-04-23 21:58:23,111 - INFO - epoch 6 | batch 150 | train_loss: 0.00110725
2026-04-23 21:58:27,123 - INFO - epoch 6 | batch 200 | train_loss: 0.00103828
2026-04-23 21:58:31,145 - INFO - epoch 6 | batch 250 | train_loss: 0.00113987
2026-04-23 21:58:35,180 - INFO - epoch 6 | batch 300 | train_loss: 0.00126945
2026-04-23 21:58:39,225 - INFO - epoch 6 | batch 350 | train_loss: 0.00118315
2026-04-23 21:58:50,262 - INFO - ================= epoch end =================
2026-04-23 21:58:50,263 - INFO - epoch 6 | train_loss: 0.01866721 | valid_loss: 1.09716239 | valid balanc. acc.: 0.66808524
2026-04-23 21:58:50,264 - INFO - metrics:
{'accuracy': 0.6846264367816092, 'balanced_accuracy': 0.6680852393450818, 'f1': 0.7452118398142774, 'precision': 0.668054110301769, 'recall': 0.84251968503937}
2026-04-23 21:58:54,321 - INFO - epoch 7 | batch 50 | train_loss: 0.00059400
2026-04-23 21:58:58,337 - INFO - epoch 7 | batch 100 | train_loss: 0.00059749
2026-04-23 21:59:02,436 - INFO - epoch 7 | batch 150 | train_loss: 0.00087818
2026-04-23 21:59:06,483 - INFO - epoch 7 | batch 200 | train_loss: 0.00089716
2026-04-23 21:59:10,600 - INFO - epoch 7 | batch 250 | train_loss: 0.00116893
2026-04-23 21:59:14,625 - INFO - epoch 7 | batch 300 | train_loss: 0.00108351
2026-04-23 21:59:18,660 - INFO - epoch 7 | batch 350 | train_loss: 0.00098011
2026-04-23 21:59:30,425 - INFO - ================= epoch end =================
2026-04-23 21:59:30,425 - INFO - epoch 7 | train_loss: 0.01579589 | valid_loss: 1.12765616 | valid balanc. acc.: 0.69206349
2026-04-23 21:59:30,426 - INFO - metrics:
{'accuracy': 0.7054597701149425, 'balanced_accuracy': 0.692063492063492, 'f1': 0.7559523809523809, 'precision': 0.6917211328976035, 'recall': 0.8333333333333334}
2026-04-23 21:59:34,485 - INFO - epoch 8 | batch 50 | train_loss: 0.00138590
2026-04-23 21:59:38,516 - INFO - epoch 8 | batch 100 | train_loss: 0.00114508
2026-04-23 21:59:42,550 - INFO - epoch 8 | batch 150 | train_loss: 0.00087766
2026-04-23 21:59:46,702 - INFO - epoch 8 | batch 200 | train_loss: 0.00076910
2026-04-23 21:59:50,838 - INFO - epoch 8 | batch 250 | train_loss: 0.00083291
2026-04-23 21:59:55,007 - INFO - epoch 8 | batch 300 | train_loss: 0.00079017
2026-04-23 21:59:59,048 - INFO - epoch 8 | batch 350 | train_loss: 0.00086371
2026-04-23 22:00:11,388 - INFO - ================= epoch end =================
2026-04-23 22:00:11,389 - INFO - epoch 8 | train_loss: 0.01605655 | valid_loss: 1.21715152 | valid balanc. acc.: 0.67877140
2026-04-23 22:00:11,390 - INFO - metrics:
{'accuracy': 0.6918103448275862, 'balanced_accuracy': 0.6787714035745531, 'f1': 0.7435744172145846, 'precision': 0.6827661909989023, 'recall': 0.8162729658792651}
2026-04-23 22:00:15,456 - INFO - epoch 9 | batch 50 | train_loss: 0.00080548
2026-04-23 22:00:19,527 - INFO - epoch 9 | batch 100 | train_loss: 0.00061703
2026-04-23 22:00:23,576 - INFO - epoch 9 | batch 150 | train_loss: 0.00060438
2026-04-23 22:00:27,609 - INFO - epoch 9 | batch 200 | train_loss: 0.00057883
2026-04-23 22:00:31,647 - INFO - epoch 9 | batch 250 | train_loss: 0.00059386
2026-04-23 22:00:35,690 - INFO - epoch 9 | batch 300 | train_loss: 0.00062913
2026-04-23 22:00:39,718 - INFO - epoch 9 | batch 350 | train_loss: 0.00065903
2026-04-23 22:00:51,067 - INFO - ================= epoch end =================
2026-04-23 22:00:51,067 - INFO - epoch 9 | train_loss: 0.01096101 | valid_loss: 1.38889380 | valid balanc. acc.: 0.64483815
2026-04-23 22:00:51,067 - INFO - metrics:
{'accuracy': 0.665948275862069, 'balanced_accuracy': 0.644838145231846, 'f1': 0.7397873531057638, 'precision': 0.6448780487804878, 'recall': 0.8674540682414699}
2026-04-23 22:00:55,087 - INFO - epoch 10 | batch 50 | train_loss: 0.00067878
2026-04-23 22:00:59,153 - INFO - epoch 10 | batch 100 | train_loss: 0.00056049
2026-04-23 22:01:03,192 - INFO - epoch 10 | batch 150 | train_loss: 0.00045823
2026-04-23 22:01:07,214 - INFO - epoch 10 | batch 200 | train_loss: 0.00045703
2026-04-23 22:01:11,238 - INFO - epoch 10 | batch 250 | train_loss: 0.00047191
2026-04-23 22:01:15,313 - INFO - epoch 10 | batch 300 | train_loss: 0.00053957
2026-04-23 22:01:19,348 - INFO - epoch 10 | batch 350 | train_loss: 0.00051069
2026-04-23 22:01:31,162 - INFO - ================= epoch end =================
2026-04-23 22:01:31,163 - INFO - epoch 10 | train_loss: 0.00846452 | valid_loss: 1.28908234 | valid balanc. acc.: 0.66756655
2026-04-23 22:01:31,164 - INFO - metrics:
{'accuracy': 0.6839080459770115, 'balanced_accuracy': 0.6675665541807274, 'f1': 0.7441860465116279, 'precision': 0.6680584551148225, 'recall': 0.8398950131233596}
2026-04-23 22:01:31,167 - INFO - Fold 5
2026-04-23 22:01:31,179 - INFO - 
    ======= about folds =======
    ((5923, 8), (1357, 8))
    set()
    label
0    2977
1    2946
Name: image_path, dtype: int64     
    label
0    663
1    694
Name: image_path, dtype: int64
    
2026-04-23 22:01:31,382 - INFO - 
    Всего параметров: 11,177,538
    Обучаемых:       11,177,538
    
2026-04-23 22:01:35,426 - INFO - epoch 1 | batch 50 | train_loss: 0.04000196
2026-04-23 22:01:39,464 - INFO - epoch 1 | batch 100 | train_loss: 0.03481463
2026-04-23 22:01:43,512 - INFO - epoch 1 | batch 150 | train_loss: 0.03148560
2026-04-23 22:01:47,545 - INFO - epoch 1 | batch 200 | train_loss: 0.02925802
2026-04-23 22:01:51,599 - INFO - epoch 1 | batch 250 | train_loss: 0.02760506
2026-04-23 22:01:55,637 - INFO - epoch 1 | batch 300 | train_loss: 0.02617299
2026-04-23 22:01:59,667 - INFO - epoch 1 | batch 350 | train_loss: 0.02477197
2026-04-23 22:02:11,120 - INFO - ================= epoch end =================
2026-04-23 22:02:11,121 - INFO - epoch 1 | train_loss: 0.38677116 | valid_loss: 0.72745268 | valid balanc. acc.: 0.66365225
2026-04-23 22:02:11,122 - INFO - metrics:
{'accuracy': 0.6676492262343404, 'balanced_accuracy': 0.663652248751418, 'f1': 0.7207430340557276, 'precision': 0.6319218241042345, 'recall': 0.8386167146974063}
2026-04-23 22:02:11,236 - INFO - save checkpoint: ..\models_checkpoints/resnet_18_backbone_cv/2026-04-23_21_34_14_full_tuning_video/fold5/checkpoint/best_model.pth
2026-04-23 22:02:15,267 - INFO - epoch 2 | batch 50 | train_loss: 0.01006586
2026-04-23 22:02:19,340 - INFO - epoch 2 | batch 100 | train_loss: 0.00945392
2026-04-23 22:02:23,378 - INFO - epoch 2 | batch 150 | train_loss: 0.00964300
2026-04-23 22:02:27,409 - INFO - epoch 2 | batch 200 | train_loss: 0.00919072
2026-04-23 22:02:31,482 - INFO - epoch 2 | batch 250 | train_loss: 0.00893413
2026-04-23 22:02:35,612 - INFO - epoch 2 | batch 300 | train_loss: 0.00867862
2026-04-23 22:02:39,811 - INFO - epoch 2 | batch 350 | train_loss: 0.00835068
2026-04-23 22:02:51,495 - INFO - ================= epoch end =================
2026-04-23 22:02:51,496 - INFO - epoch 2 | train_loss: 0.13261162 | valid_loss: 1.09285499 | valid balanc. acc.: 0.61138024
2026-04-23 22:02:51,497 - INFO - metrics:
{'accuracy': 0.6168017686072218, 'balanced_accuracy': 0.6113802426313022, 'f1': 0.6937573616018846, 'precision': 0.5866533864541833, 'recall': 0.8487031700288185}
2026-04-23 22:02:55,539 - INFO - epoch 3 | batch 50 | train_loss: 0.00322956
2026-04-23 22:02:59,601 - INFO - epoch 3 | batch 100 | train_loss: 0.00370441
2026-04-23 22:03:03,633 - INFO - epoch 3 | batch 150 | train_loss: 0.00373658
2026-04-23 22:03:07,658 - INFO - epoch 3 | batch 200 | train_loss: 0.00386617
2026-04-23 22:03:11,686 - INFO - epoch 3 | batch 250 | train_loss: 0.00365236
2026-04-23 22:03:15,711 - INFO - epoch 3 | batch 300 | train_loss: 0.00357395
2026-04-23 22:03:19,762 - INFO - epoch 3 | batch 350 | train_loss: 0.00363599
2026-04-23 22:03:31,290 - INFO - ================= epoch end =================
2026-04-23 22:03:31,291 - INFO - epoch 3 | train_loss: 0.06364755 | valid_loss: 2.01538116 | valid balanc. acc.: 0.60282056
2026-04-23 22:03:31,291 - INFO - metrics:
{'accuracy': 0.6109064112011791, 'balanced_accuracy': 0.6028205562872455, 'f1': 0.7155172413793104, 'precision': 0.5714285714285714, 'recall': 0.9567723342939481}
2026-04-23 22:03:35,392 - INFO - epoch 4 | batch 50 | train_loss: 0.00310562
2026-04-23 22:03:39,500 - INFO - epoch 4 | batch 100 | train_loss: 0.00265348
2026-04-23 22:03:43,684 - INFO - epoch 4 | batch 150 | train_loss: 0.00262886
2026-04-23 22:03:47,759 - INFO - epoch 4 | batch 200 | train_loss: 0.00251230
2026-04-23 22:03:51,813 - INFO - epoch 4 | batch 250 | train_loss: 0.00224576
2026-04-23 22:03:55,842 - INFO - epoch 4 | batch 300 | train_loss: 0.00212536
2026-04-23 22:03:59,901 - INFO - epoch 4 | batch 350 | train_loss: 0.00215677
2026-04-23 22:04:11,269 - INFO - ================= epoch end =================
2026-04-23 22:04:11,270 - INFO - epoch 4 | train_loss: 0.03463897 | valid_loss: 1.50665717 | valid balanc. acc.: 0.61444356
2026-04-23 22:04:11,271 - INFO - metrics:
{'accuracy': 0.6204863669859986, 'balanced_accuracy': 0.6144435606208788, 'f1': 0.7031700288184438, 'precision': 0.5859750240153698, 'recall': 0.8789625360230547}
2026-04-23 22:04:15,276 - INFO - epoch 5 | batch 50 | train_loss: 0.00122370
2026-04-23 22:04:19,390 - INFO - epoch 5 | batch 100 | train_loss: 0.00129281
2026-04-23 22:04:23,427 - INFO - epoch 5 | batch 150 | train_loss: 0.00128223
2026-04-23 22:04:27,473 - INFO - epoch 5 | batch 200 | train_loss: 0.00132438
2026-04-23 22:04:31,494 - INFO - epoch 5 | batch 250 | train_loss: 0.00139308
2026-04-23 22:04:35,544 - INFO - epoch 5 | batch 300 | train_loss: 0.00133923
2026-04-23 22:04:39,575 - INFO - epoch 5 | batch 350 | train_loss: 0.00125920
2026-04-23 22:04:51,437 - INFO - ================= epoch end =================
2026-04-23 22:04:51,438 - INFO - epoch 5 | train_loss: 0.02013387 | valid_loss: 1.54655644 | valid balanc. acc.: 0.60327370
2026-04-23 22:04:51,439 - INFO - metrics:
{'accuracy': 0.6079587324981577, 'balanced_accuracy': 0.6032736969760194, 'f1': 0.6783555018137848, 'precision': 0.584375, 'recall': 0.80835734870317}
2026-04-23 22:04:55,633 - INFO - epoch 6 | batch 50 | train_loss: 0.00118013
2026-04-23 22:04:59,704 - INFO - epoch 6 | batch 100 | train_loss: 0.00116226
2026-04-23 22:05:03,830 - INFO - epoch 6 | batch 150 | train_loss: 0.00115281
2026-04-23 22:05:08,718 - INFO - epoch 6 | batch 200 | train_loss: 0.00100700
2026-04-23 22:05:13,052 - INFO - epoch 6 | batch 250 | train_loss: 0.00095352
2026-04-23 22:05:17,281 - INFO - epoch 6 | batch 300 | train_loss: 0.00093347
2026-04-23 22:05:21,522 - INFO - epoch 6 | batch 350 | train_loss: 0.00097069
2026-04-23 22:05:35,151 - INFO - ================= epoch end =================
2026-04-23 22:05:35,152 - INFO - epoch 6 | train_loss: 0.01595299 | valid_loss: 1.34149645 | valid balanc. acc.: 0.62000730
2026-04-23 22:05:35,152 - INFO - metrics:
{'accuracy': 0.6226971260132645, 'balanced_accuracy': 0.6200073024110997, 'f1': 0.6666666666666666, 'precision': 0.6080760095011877, 'recall': 0.7377521613832853}
2026-04-23 22:05:39,247 - INFO - epoch 7 | batch 50 | train_loss: 0.00078546
2026-04-23 22:05:43,318 - INFO - epoch 7 | batch 100 | train_loss: 0.00083912
2026-04-23 22:05:47,373 - INFO - epoch 7 | batch 150 | train_loss: 0.00081946
2026-04-23 22:05:51,410 - INFO - epoch 7 | batch 200 | train_loss: 0.00077133
2026-04-23 22:05:55,447 - INFO - epoch 7 | batch 250 | train_loss: 0.00071750
2026-04-23 22:05:59,514 - INFO - epoch 7 | batch 300 | train_loss: 0.00067192
2026-04-23 22:06:03,656 - INFO - epoch 7 | batch 350 | train_loss: 0.00067367
2026-04-23 22:06:15,811 - INFO - ================= epoch end =================
2026-04-23 22:06:15,812 - INFO - epoch 7 | train_loss: 0.01044173 | valid_loss: 1.80536875 | valid balanc. acc.: 0.63325053
2026-04-23 22:06:15,813 - INFO - metrics:
{'accuracy': 0.6381724392041267, 'balanced_accuracy': 0.633250529207471, 'f1': 0.7058118633912522, 'precision': 0.6041025641025641, 'recall': 0.8487031700288185}
2026-04-23 22:06:19,883 - INFO - epoch 8 | batch 50 | train_loss: 0.00021817
2026-04-23 22:06:23,958 - INFO - epoch 8 | batch 100 | train_loss: 0.00025826
2026-04-23 22:06:27,997 - INFO - epoch 8 | batch 150 | train_loss: 0.00047105
2026-04-23 22:06:32,031 - INFO - epoch 8 | batch 200 | train_loss: 0.00049568
2026-04-23 22:06:36,062 - INFO - epoch 8 | batch 250 | train_loss: 0.00044994
2026-04-23 22:06:40,088 - INFO - epoch 8 | batch 300 | train_loss: 0.00065368
2026-04-23 22:06:44,121 - INFO - epoch 8 | batch 350 | train_loss: 0.00063576
2026-04-23 22:06:55,598 - INFO - ================= epoch end =================
2026-04-23 22:06:55,599 - INFO - epoch 8 | train_loss: 0.01391095 | valid_loss: 1.40350007 | valid balanc. acc.: 0.67610981
2026-04-23 22:06:55,600 - INFO - metrics:
{'accuracy': 0.6787030213706706, 'balanced_accuracy': 0.6761098143535844, 'f1': 0.7154046997389034, 'precision': 0.6539379474940334, 'recall': 0.7896253602305475}
2026-04-23 22:06:55,717 - INFO - save checkpoint: ..\models_checkpoints/resnet_18_backbone_cv/2026-04-23_21_34_14_full_tuning_video/fold5/checkpoint/best_model.pth
2026-04-23 22:06:59,855 - INFO - epoch 9 | batch 50 | train_loss: 0.00043444
2026-04-23 22:07:03,886 - INFO - epoch 9 | batch 100 | train_loss: 0.00032863
2026-04-23 22:07:07,925 - INFO - epoch 9 | batch 150 | train_loss: 0.00045188
2026-04-23 22:07:11,958 - INFO - epoch 9 | batch 200 | train_loss: 0.00038772
2026-04-23 22:07:16,135 - INFO - epoch 9 | batch 250 | train_loss: 0.00049741
2026-04-23 22:07:20,615 - INFO - epoch 9 | batch 300 | train_loss: 0.00051122
2026-04-23 22:07:24,646 - INFO - epoch 9 | batch 350 | train_loss: 0.00046667
2026-04-23 22:07:36,004 - INFO - ================= epoch end =================
2026-04-23 22:07:36,005 - INFO - epoch 9 | train_loss: 0.00962506 | valid_loss: 1.47987513 | valid balanc. acc.: 0.65646828
2026-04-23 22:07:36,006 - INFO - metrics:
{'accuracy': 0.6595431098010317, 'balanced_accuracy': 0.6564682844984591, 'f1': 0.7038461538461539, 'precision': 0.6339491916859122, 'recall': 0.7910662824207493}
2026-04-23 22:07:40,033 - INFO - epoch 10 | batch 50 | train_loss: 0.00113368
2026-04-23 22:07:44,312 - INFO - epoch 10 | batch 100 | train_loss: 0.00075832
2026-04-23 22:07:48,439 - INFO - epoch 10 | batch 150 | train_loss: 0.00059884
2026-04-23 22:07:52,746 - INFO - epoch 10 | batch 200 | train_loss: 0.00056453
2026-04-23 22:07:56,814 - INFO - epoch 10 | batch 250 | train_loss: 0.00048212
2026-04-23 22:08:00,872 - INFO - epoch 10 | batch 300 | train_loss: 0.00048263
2026-04-23 22:08:04,903 - INFO - epoch 10 | batch 350 | train_loss: 0.00044546
2026-04-23 22:08:16,118 - INFO - ================= epoch end =================
2026-04-23 22:08:16,119 - INFO - epoch 10 | train_loss: 0.00692541 | valid_loss: 1.56720274 | valid balanc. acc.: 0.64704796
2026-04-23 22:08:16,120 - INFO - metrics:
{'accuracy': 0.6507000736919676, 'balanced_accuracy': 0.6470479568462277, 'f1': 0.7026348808030113, 'precision': 0.6222222222222222, 'recall': 0.8069164265129684}
