2026-04-09 00:18:33,436 - INFO -  
===== general parameters =====
SEED: 42
DEVICE: cuda

PATH_SELECTED_VIDEO: ..\..\datasets\CADICA\selectedVideos

TRAIN_SIZE_DATA: 0.8
BATCH_SIZE: 64
input_img_shape: (3, 224, 224)

===== train parameters =====
class_weights: [2.2, 1]
weights: tensor([2.2000, 1.0000], device='cuda:0')

LR: 0.001
MOMENTUM: 0.9
LAMBDA_LR: 0.0001

===== about model and save =====
base_dir_for_model_save: ../models_checkpoints

model_name: resnet_18_backbone
prefix_train: classifier_layer_train

===== comments =====
LCA
split video level
SGDM optimizer
use augmentation
use ImageNet stats for (mean, std) normalization 

2026-04-09 00:18:48,328 - INFO - epoch 1 | batch 10 | train_loss: 0.01107577
2026-04-09 00:18:57,101 - INFO - epoch 1 | batch 20 | train_loss: 0.01095001
2026-04-09 00:19:05,425 - INFO - epoch 1 | batch 30 | train_loss: 0.01087446
2026-04-09 00:19:22,440 - INFO - ================= epoch end =================
2026-04-09 00:19:22,440 - INFO - epoch 1 | train_loss: 0.69984826 | valid_loss: 0.68328367 | valid balanc. acc.: 0.52865607
2026-04-09 00:19:22,440 - INFO - metrics:
{'accuracy': 0.6471774193548387, 'balanced_accuracy': 0.5286560667432441, 'f1': 0.7651006711409396, 'precision': 0.7345360824742269, 'recall': 0.7983193277310925}
2026-04-09 00:19:22,513 - INFO - save checkpoint: ../models_checkpoints/resnet_18_backbone/2026-04-09_00_18_33_classifier_layer_train/checkpoint/best_model.pth
2026-04-09 00:19:33,428 - INFO - epoch 2 | batch 10 | train_loss: 0.01021287
2026-04-09 00:19:41,292 - INFO - epoch 2 | batch 20 | train_loss: 0.01005530
2026-04-09 00:19:49,439 - INFO - epoch 2 | batch 30 | train_loss: 0.01007696
2026-04-09 00:20:04,927 - INFO - ================= epoch end =================
2026-04-09 00:20:04,927 - INFO - epoch 2 | train_loss: 0.63832622 | valid_loss: 0.80385327 | valid balanc. acc.: 0.52677186
2026-04-09 00:20:04,928 - INFO - metrics:
{'accuracy': 0.7298387096774194, 'balanced_accuracy': 0.526771859823066, 'f1': 0.8404761904761905, 'precision': 0.7308488612836439, 'recall': 0.988795518207283}
2026-04-09 00:20:15,627 - INFO - epoch 3 | batch 10 | train_loss: 0.00999263
2026-04-09 00:20:23,324 - INFO - epoch 3 | batch 20 | train_loss: 0.00992191
2026-04-09 00:20:30,962 - INFO - epoch 3 | batch 30 | train_loss: 0.00996533
2026-04-09 00:20:46,253 - INFO - ================= epoch end =================
2026-04-09 00:20:46,253 - INFO - epoch 3 | train_loss: 0.63722614 | valid_loss: 0.68208985 | valid balanc. acc.: 0.61250831
2026-04-09 00:20:46,253 - INFO - metrics:
{'accuracy': 0.6350806451612904, 'balanced_accuracy': 0.612508312677589, 'f1': 0.7236641221374046, 'precision': 0.7953020134228188, 'recall': 0.6638655462184874}
2026-04-09 00:20:46,323 - INFO - save checkpoint: ../models_checkpoints/resnet_18_backbone/2026-04-09_00_18_33_classifier_layer_train/checkpoint/best_model.pth
2026-04-09 00:20:57,154 - INFO - epoch 4 | batch 10 | train_loss: 0.00952918
2026-04-09 00:21:04,827 - INFO - epoch 4 | batch 20 | train_loss: 0.00937938
2026-04-09 00:21:12,513 - INFO - epoch 4 | batch 30 | train_loss: 0.00915261
2026-04-09 00:21:27,802 - INFO - ================= epoch end =================
2026-04-09 00:21:27,802 - INFO - epoch 4 | train_loss: 0.58413706 | valid_loss: 0.68079815 | valid balanc. acc.: 0.63170304
2026-04-09 00:21:27,802 - INFO - metrics:
{'accuracy': 0.6532258064516129, 'balanced_accuracy': 0.6317030409286017, 'f1': 0.7386018237082067, 'precision': 0.8073089700996677, 'recall': 0.680672268907563}
2026-04-09 00:21:27,871 - INFO - save checkpoint: ../models_checkpoints/resnet_18_backbone/2026-04-09_00_18_33_classifier_layer_train/checkpoint/best_model.pth
2026-04-09 00:21:38,563 - INFO - epoch 5 | batch 10 | train_loss: 0.00885628
2026-04-09 00:21:46,222 - INFO - epoch 5 | batch 20 | train_loss: 0.00907828
2026-04-09 00:21:53,949 - INFO - epoch 5 | batch 30 | train_loss: 0.00906315
2026-04-09 00:22:09,176 - INFO - ================= epoch end =================
2026-04-09 00:22:09,176 - INFO - epoch 5 | train_loss: 0.58248487 | valid_loss: 0.67809382 | valid balanc. acc.: 0.64354231
2026-04-09 00:22:09,176 - INFO - metrics:
{'accuracy': 0.6955645161290323, 'balanced_accuracy': 0.6435423090099348, 'f1': 0.7827338129496403, 'precision': 0.8047337278106509, 'recall': 0.7619047619047619}
2026-04-09 00:22:09,245 - INFO - save checkpoint: ../models_checkpoints/resnet_18_backbone/2026-04-09_00_18_33_classifier_layer_train/checkpoint/best_model.pth
2026-04-09 00:35:47,272 - INFO -  
==================================================
continue training, part 2
unfreeze all parameters
use best checkpoint model: ../models_checkpoints/resnet_18_backbone/2026-04-09_00_18_33_classifier_layer_train/checkpoint/best_model.pth

LR: 1e-05

2026-04-09 00:36:31,343 - INFO - epoch 1 | batch 10 | train_loss: 0.00909724
2026-04-09 00:36:48,540 - INFO - epoch 1 | batch 20 | train_loss: 0.00902953
2026-04-09 00:36:57,977 - INFO - epoch 1 | batch 30 | train_loss: 0.00896304
2026-04-09 00:37:16,611 - INFO - ================= epoch end =================
2026-04-09 00:37:16,611 - INFO - epoch 1 | train_loss: 0.56900394 | valid_loss: 0.68195020 | valid balanc. acc.: 0.61989400
2026-04-09 00:37:16,611 - INFO - metrics:
{'accuracy': 0.6330645161290323, 'balanced_accuracy': 0.619894000765774, 'f1': 0.718266253869969, 'precision': 0.8027681660899654, 'recall': 0.6498599439775911}
2026-04-09 00:37:16,738 - INFO - save checkpoint: ../models_checkpoints/resnet_18_backbone/2026-04-09_00_18_33_classifier_layer_train/checkpoint/best_model.pth
2026-04-09 00:37:28,144 - INFO - epoch 2 | batch 10 | train_loss: 0.00891422
2026-04-09 00:37:37,735 - INFO - epoch 2 | batch 20 | train_loss: 0.00867988
2026-04-09 00:37:46,481 - INFO - epoch 2 | batch 30 | train_loss: 0.00873163
2026-04-09 00:38:02,783 - INFO - ================= epoch end =================
2026-04-09 00:38:02,784 - INFO - epoch 2 | train_loss: 0.55914738 | valid_loss: 0.67865226 | valid balanc. acc.: 0.61747577
2026-04-09 00:38:02,784 - INFO - metrics:
{'accuracy': 0.6169354838709677, 'balanced_accuracy': 0.6174757672853315, 'f1': 0.6984126984126984, 'precision': 0.8058608058608059, 'recall': 0.6162464985994398}
2026-04-09 00:38:14,145 - INFO - epoch 3 | batch 10 | train_loss: 0.00881300
2026-04-09 00:38:22,141 - INFO - epoch 3 | batch 20 | train_loss: 0.00863790
2026-04-09 00:38:30,415 - INFO - epoch 3 | batch 30 | train_loss: 0.00851424
2026-04-09 00:38:46,893 - INFO - ================= epoch end =================
2026-04-09 00:38:46,893 - INFO - epoch 3 | train_loss: 0.54649010 | valid_loss: 0.67791173 | valid balanc. acc.: 0.60748040
2026-04-09 00:38:46,895 - INFO - metrics:
{'accuracy': 0.6088709677419355, 'balanced_accuracy': 0.6074804022328356, 'f1': 0.692063492063492, 'precision': 0.7985347985347986, 'recall': 0.6106442577030813}
2026-04-09 00:38:58,776 - INFO - epoch 4 | batch 10 | train_loss: 0.00858372
2026-04-09 00:39:07,027 - INFO - epoch 4 | batch 20 | train_loss: 0.00868145
2026-04-09 00:39:14,765 - INFO - epoch 4 | batch 30 | train_loss: 0.00871663
2026-04-09 00:39:31,076 - INFO - ================= epoch end =================
2026-04-09 00:39:31,076 - INFO - epoch 4 | train_loss: 0.55288305 | valid_loss: 0.68137957 | valid balanc. acc.: 0.60226105
2026-04-09 00:39:31,078 - INFO - metrics:
{'accuracy': 0.5887096774193549, 'balanced_accuracy': 0.6022610483042137, 'f1': 0.6666666666666666, 'precision': 0.8, 'recall': 0.5714285714285714}
2026-04-09 00:39:42,485 - INFO - epoch 5 | batch 10 | train_loss: 0.00872737
2026-04-09 00:39:51,186 - INFO - epoch 5 | batch 20 | train_loss: 0.00847652
2026-04-09 00:39:59,511 - INFO - epoch 5 | batch 30 | train_loss: 0.00842406
2026-04-09 00:40:15,950 - INFO - ================= epoch end =================
2026-04-09 00:40:15,950 - INFO - epoch 5 | train_loss: 0.54105108 | valid_loss: 0.68054687 | valid balanc. acc.: 0.61725410
2026-04-09 00:40:15,950 - INFO - metrics:
{'accuracy': 0.6008064516129032, 'balanced_accuracy': 0.6172540958829575, 'f1': 0.6764705882352942, 'precision': 0.8117647058823529, 'recall': 0.5798319327731093}
2026-04-09 00:40:27,055 - INFO - epoch 6 | batch 10 | train_loss: 0.00844210
2026-04-09 00:40:35,021 - INFO - epoch 6 | batch 20 | train_loss: 0.00839920
2026-04-09 00:40:43,040 - INFO - epoch 6 | batch 30 | train_loss: 0.00840075
2026-04-09 00:40:58,742 - INFO - ================= epoch end =================
2026-04-09 00:40:58,742 - INFO - epoch 6 | train_loss: 0.53711212 | valid_loss: 0.68528384 | valid balanc. acc.: 0.61225641
2026-04-09 00:40:58,742 - INFO - metrics:
{'accuracy': 0.5967741935483871, 'balanced_accuracy': 0.6122564133567096, 'f1': 0.673202614379085, 'precision': 0.807843137254902, 'recall': 0.5770308123249299}
2026-04-09 00:41:10,184 - INFO - epoch 7 | batch 10 | train_loss: 0.00861547
2026-04-09 00:41:19,186 - INFO - epoch 7 | batch 20 | train_loss: 0.00852795
2026-04-09 00:41:27,474 - INFO - epoch 7 | batch 30 | train_loss: 0.00841601
2026-04-09 00:41:43,580 - INFO - ================= epoch end =================
2026-04-09 00:41:43,580 - INFO - epoch 7 | train_loss: 0.54019791 | valid_loss: 0.70196068 | valid balanc. acc.: 0.59984281
2026-04-09 00:41:43,580 - INFO - metrics:
{'accuracy': 0.5725806451612904, 'balanced_accuracy': 0.5998428148237712, 'f1': 0.6442953020134228, 'precision': 0.803347280334728, 'recall': 0.5378151260504201}
2026-04-09 00:41:54,912 - INFO - epoch 8 | batch 10 | train_loss: 0.00818806
2026-04-09 00:42:03,050 - INFO - epoch 8 | batch 20 | train_loss: 0.00825288
2026-04-09 00:42:11,145 - INFO - epoch 8 | batch 30 | train_loss: 0.00843941
2026-04-09 00:42:27,315 - INFO - ================= epoch end =================
2026-04-09 00:42:27,317 - INFO - epoch 8 | train_loss: 0.54019143 | valid_loss: 0.69865096 | valid balanc. acc.: 0.60385305
2026-04-09 00:42:27,318 - INFO - metrics:
{'accuracy': 0.5846774193548387, 'balanced_accuracy': 0.6038530520121718, 'f1': 0.6600660066006601, 'precision': 0.8032128514056225, 'recall': 0.5602240896358543}
2026-04-09 00:42:27,319 - INFO - Early stopping. Epoch: 8
2026-04-09 00:42:27,320 - INFO - best balanced accuracy: 0.619894000765774
